{
  "file": "/home/lemon/Desktop/RestApi-Go/Gin-RestApi/main.go:67",
  "func": "main.logRus",
  "level": "debug",
  "msg": "Debug"
}
{
  "file": "/home/lemon/Desktop/RestApi-Go/Gin-RestApi/main.go:68",
  "func": "main.logRus",
  "level": "info",
  "msg": "Info"
}
{
  "file": "/home/lemon/Desktop/RestApi-Go/Gin-RestApi/main.go:69",
  "func": "main.logRus",
  "level": "warning",
  "msg": "Warn"
}
{
  "file": "/home/lemon/Desktop/RestApi-Go/Gin-RestApi/main.go:70",
  "func": "main.logRus",
  "level": "error",
  "msg": "Error"
}
